[01-Jun-2023 23:43:42 UTC] PHP Fatal error:  Uncaught GuzzleHttp\Exception\ConnectException: cURL error 28: Operation timed out after 10003 milliseconds with 15701 bytes received (see https://curl.haxx.se/libcurl/c/libcurl-errors.html) for http://192.168.10.105:8086/api/v2/query?org=AREC%2022-23 in /Users/kanishk/Desktop/nouveau old/vendor/guzzlehttp/guzzle/src/Handler/CurlFactory.php:210
Stack trace:
#0 /Users/kanishk/Desktop/nouveau old/vendor/guzzlehttp/guzzle/src/Handler/CurlFactory.php(158): GuzzleHttp\Handler\CurlFactory::createRejection(Object(GuzzleHttp\Handler\EasyHandle), Array)
#1 /Users/kanishk/Desktop/nouveau old/vendor/guzzlehttp/guzzle/src/Handler/CurlFactory.php(110): GuzzleHttp\Handler\CurlFactory::finishError(Object(GuzzleHttp\Handler\CurlHandler), Object(GuzzleHttp\Handler\EasyHandle), Object(GuzzleHttp\Handler\CurlFactory))
#2 /Users/kanishk/Desktop/nouveau old/vendor/guzzlehttp/guzzle/src/Handler/CurlHandler.php(47): GuzzleHttp\Handler\CurlFactory::finish(Object(GuzzleHttp\Handler\CurlHandler), Object(GuzzleHttp\Handler\EasyHandle), Object(GuzzleHttp\Handler\CurlFactory))
#3 /Users/kanishk/Desktop/nouveau old/vendor/guzzlehttp/guzzle/src/Handler/Proxy.php(28): GuzzleHttp\Handler\CurlHandler->__invoke(Object(GuzzleHttp\Psr7\Request), Array)
#4 /Users/kanishk/Desktop/nouveau old/vendor/guzzlehttp/guzzle/src/Handler/Proxy.php(48): GuzzleHttp\Handler\Proxy::GuzzleHttp\Handler\{closure}(Object(GuzzleHttp\Psr7\Request), Array)
#5 /Users/kanishk/Desktop/nouveau old/vendor/guzzlehttp/guzzle/src/PrepareBodyMiddleware.php(64): GuzzleHttp\Handler\Proxy::GuzzleHttp\Handler\{closure}(Object(GuzzleHttp\Psr7\Request), Array)
#6 /Users/kanishk/Desktop/nouveau old/vendor/guzzlehttp/guzzle/src/Middleware.php(31): GuzzleHttp\PrepareBodyMiddleware->__invoke(Object(GuzzleHttp\Psr7\Request), Array)
#7 /Users/kanishk/Desktop/nouveau old/vendor/guzzlehttp/guzzle/src/RedirectMiddleware.php(55): GuzzleHttp\Middleware::GuzzleHttp\{closure}(Object(GuzzleHttp\Psr7\Request), Array)
#8 /Users/kanishk/Desktop/nouveau old/vendor/guzzlehttp/guzzle/src/Middleware.php(61): GuzzleHttp\RedirectMiddleware->__invoke(Object(GuzzleHttp\Psr7\Request), Array)
#9 /Users/kanishk/Desktop/nouveau old/vendor/guzzlehttp/guzzle/src/HandlerStack.php(75): GuzzleHttp\Middleware::GuzzleHttp\{closure}(Object(GuzzleHttp\Psr7\Request), Array)
#10 /Users/kanishk/Desktop/nouveau old/vendor/guzzlehttp/guzzle/src/Client.php(331): GuzzleHttp\HandlerStack->__invoke(Object(GuzzleHttp\Psr7\Request), Array)
#11 /Users/kanishk/Desktop/nouveau old/vendor/guzzlehttp/guzzle/src/Client.php(106): GuzzleHttp\Client->transfer(Object(GuzzleHttp\Psr7\Request), Array)
#12 /Users/kanishk/Desktop/nouveau old/vendor/guzzlehttp/guzzle/src/Client.php(137): GuzzleHttp\Client->sendAsync(Object(GuzzleHttp\Psr7\Request), Array)
#13 /Users/kanishk/Desktop/nouveau old/vendor/php-http/client-common/src/HttpClientDecorator.php(30): GuzzleHttp\Client->sendRequest(Object(GuzzleHttp\Psr7\Request))
#14 /Users/kanishk/Desktop/nouveau old/vendor/php-http/client-common/src/PluginClient.php(81): Http\Client\Common\EmulatedHttpAsyncClient->sendRequest(Object(GuzzleHttp\Psr7\Request))
#15 /Users/kanishk/Desktop/nouveau old/vendor/php-http/client-common/src/Plugin/RedirectPlugin.php(175): Http\Client\Common\PluginClient->Http\Client\Common\{closure}(Object(GuzzleHttp\Psr7\Request))
#16 /Users/kanishk/Desktop/nouveau old/vendor/php-http/client-common/src/PluginChain.php(44): Http\Client\Common\Plugin\RedirectPlugin->handleRequest(Object(GuzzleHttp\Psr7\Request), Object(Closure), Object(Http\Client\Common\PluginChain))
#17 /Users/kanishk/Desktop/nouveau old/vendor/php-http/client-common/src/Plugin/HeaderDefaultsPlugin.php(44): Http\Client\Common\PluginChain->Http\Client\Common\{closure}(Object(GuzzleHttp\Psr7\Request))
#18 /Users/kanishk/Desktop/nouveau old/vendor/php-http/client-common/src/PluginChain.php(44): Http\Client\Common\Plugin\HeaderDefaultsPlugin->handleRequest(Object(GuzzleHttp\Psr7\Request), Object(Closure), Object(Http\Client\Common\PluginChain))
#19 /Users/kanishk/Desktop/nouveau old/vendor/php-http/client-common/src/PluginChain.php(59): Http\Client\Common\PluginChain->Http\Client\Common\{closure}(Object(GuzzleHttp\Psr7\Request))
#20 /Users/kanishk/Desktop/nouveau old/vendor/php-http/client-common/src/PluginClient.php(87): Http\Client\Common\PluginChain->__invoke(Object(GuzzleHttp\Psr7\Request))
#21 /Users/kanishk/Desktop/nouveau old/vendor/influxdata/influxdb-client-php/src/InfluxDB2/DefaultApi.php(151): Http\Client\Common\PluginClient->sendRequest(Object(GuzzleHttp\Psr7\Request))
#22 /Users/kanishk/Desktop/nouveau old/vendor/influxdata/influxdb-client-php/src/InfluxDB2/DefaultApi.php(214): InfluxDB2\DefaultApi->sendRequest(Object(GuzzleHttp\Psr7\Request))
#23 /Users/kanishk/Desktop/nouveau old/vendor/influxdata/influxdb-client-php/src/InfluxDB2/DefaultApi.php(79): InfluxDB2\DefaultApi->request('{\n    "query": ...', '/api/v2/query', Array, 'POST')
#24 /Users/kanishk/Desktop/nouveau old/vendor/influxdata/influxdb-client-php/src/InfluxDB2/QueryApi.php(115): InfluxDB2\DefaultApi->post('{\n    "query": ...', '/api/v2/query', Array)
#25 /Users/kanishk/Desktop/nouveau old/vendor/influxdata/influxdb-client-php/src/InfluxDB2/QueryApi.php(67): InfluxDB2\QueryApi->postQuery('from(bucket: "S...', 'AREC 22-23', Object(InfluxDB2\Model\Dialect))
#26 /Users/kanishk/Desktop/nouveau old/InfluxFetch.php(47): InfluxDB2\QueryApi->query('from(bucket: "S...', 'AREC 22-23')
#27 {main}

Next InfluxDB2\ApiException: [0] cURL error 28: Operation timed out after 10003 milliseconds with 15701 bytes received (see https://curl.haxx.se/libcurl/c/libcurl-errors.html) for http://192.168.10.105:8086/api/v2/query?org=AREC%2022-23 in /Users/kanishk/Desktop/nouveau old/vendor/influxdata/influxdb-client-php/src/InfluxDB2/DefaultApi.php:179
Stack trace:
#0 /Users/kanishk/Desktop/nouveau old/vendor/influxdata/influxdb-client-php/src/InfluxDB2/DefaultApi.php(214): InfluxDB2\DefaultApi->sendRequest(Object(GuzzleHttp\Psr7\Request))
#1 /Users/kanishk/Desktop/nouveau old/vendor/influxdata/influxdb-client-php/src/InfluxDB2/DefaultApi.php(79): InfluxDB2\DefaultApi->request('{\n    "query": ...', '/api/v2/query', Array, 'POST')
#2 /Users/kanishk/Desktop/nouveau old/vendor/influxdata/influxdb-client-php/src/InfluxDB2/QueryApi.php(115): InfluxDB2\DefaultApi->post('{\n    "query": ...', '/api/v2/query', Array)
#3 /Users/kanishk/Desktop/nouveau old/vendor/influxdata/influxdb-client-php/src/InfluxDB2/QueryApi.php(67): InfluxDB2\QueryApi->postQuery('from(bucket: "S...', 'AREC 22-23', Object(InfluxDB2\Model\Dialect))
#4 /Users/kanishk/Desktop/nouveau old/InfluxFetch.php(47): InfluxDB2\QueryApi->query('from(bucket: "S...', 'AREC 22-23')
#5 {main}
  thrown in /Users/kanishk/Desktop/nouveau old/vendor/influxdata/influxdb-client-php/src/InfluxDB2/DefaultApi.php on line 179
[01-Jun-2023 23:43:52 UTC] PHP Fatal error:  Uncaught GuzzleHttp\Exception\ConnectException: cURL error 28: Operation timed out after 10003 milliseconds with 22429 bytes received (see https://curl.haxx.se/libcurl/c/libcurl-errors.html) for http://192.168.10.105:8086/api/v2/query?org=AREC%2022-23 in /Users/kanishk/Desktop/nouveau old/vendor/guzzlehttp/guzzle/src/Handler/CurlFactory.php:210
Stack trace:
#0 /Users/kanishk/Desktop/nouveau old/vendor/guzzlehttp/guzzle/src/Handler/CurlFactory.php(158): GuzzleHttp\Handler\CurlFactory::createRejection(Object(GuzzleHttp\Handler\EasyHandle), Array)
#1 /Users/kanishk/Desktop/nouveau old/vendor/guzzlehttp/guzzle/src/Handler/CurlFactory.php(110): GuzzleHttp\Handler\CurlFactory::finishError(Object(GuzzleHttp\Handler\CurlHandler), Object(GuzzleHttp\Handler\EasyHandle), Object(GuzzleHttp\Handler\CurlFactory))
#2 /Users/kanishk/Desktop/nouveau old/vendor/guzzlehttp/guzzle/src/Handler/CurlHandler.php(47): GuzzleHttp\Handler\CurlFactory::finish(Object(GuzzleHttp\Handler\CurlHandler), Object(GuzzleHttp\Handler\EasyHandle), Object(GuzzleHttp\Handler\CurlFactory))
#3 /Users/kanishk/Desktop/nouveau old/vendor/guzzlehttp/guzzle/src/Handler/Proxy.php(28): GuzzleHttp\Handler\CurlHandler->__invoke(Object(GuzzleHttp\Psr7\Request), Array)
#4 /Users/kanishk/Desktop/nouveau old/vendor/guzzlehttp/guzzle/src/Handler/Proxy.php(48): GuzzleHttp\Handler\Proxy::GuzzleHttp\Handler\{closure}(Object(GuzzleHttp\Psr7\Request), Array)
#5 /Users/kanishk/Desktop/nouveau old/vendor/guzzlehttp/guzzle/src/PrepareBodyMiddleware.php(64): GuzzleHttp\Handler\Proxy::GuzzleHttp\Handler\{closure}(Object(GuzzleHttp\Psr7\Request), Array)
#6 /Users/kanishk/Desktop/nouveau old/vendor/guzzlehttp/guzzle/src/Middleware.php(31): GuzzleHttp\PrepareBodyMiddleware->__invoke(Object(GuzzleHttp\Psr7\Request), Array)
#7 /Users/kanishk/Desktop/nouveau old/vendor/guzzlehttp/guzzle/src/RedirectMiddleware.php(55): GuzzleHttp\Middleware::GuzzleHttp\{closure}(Object(GuzzleHttp\Psr7\Request), Array)
#8 /Users/kanishk/Desktop/nouveau old/vendor/guzzlehttp/guzzle/src/Middleware.php(61): GuzzleHttp\RedirectMiddleware->__invoke(Object(GuzzleHttp\Psr7\Request), Array)
#9 /Users/kanishk/Desktop/nouveau old/vendor/guzzlehttp/guzzle/src/HandlerStack.php(75): GuzzleHttp\Middleware::GuzzleHttp\{closure}(Object(GuzzleHttp\Psr7\Request), Array)
#10 /Users/kanishk/Desktop/nouveau old/vendor/guzzlehttp/guzzle/src/Client.php(331): GuzzleHttp\HandlerStack->__invoke(Object(GuzzleHttp\Psr7\Request), Array)
#11 /Users/kanishk/Desktop/nouveau old/vendor/guzzlehttp/guzzle/src/Client.php(106): GuzzleHttp\Client->transfer(Object(GuzzleHttp\Psr7\Request), Array)
#12 /Users/kanishk/Desktop/nouveau old/vendor/guzzlehttp/guzzle/src/Client.php(137): GuzzleHttp\Client->sendAsync(Object(GuzzleHttp\Psr7\Request), Array)
#13 /Users/kanishk/Desktop/nouveau old/vendor/php-http/client-common/src/HttpClientDecorator.php(30): GuzzleHttp\Client->sendRequest(Object(GuzzleHttp\Psr7\Request))
#14 /Users/kanishk/Desktop/nouveau old/vendor/php-http/client-common/src/PluginClient.php(81): Http\Client\Common\EmulatedHttpAsyncClient->sendRequest(Object(GuzzleHttp\Psr7\Request))
#15 /Users/kanishk/Desktop/nouveau old/vendor/php-http/client-common/src/Plugin/RedirectPlugin.php(175): Http\Client\Common\PluginClient->Http\Client\Common\{closure}(Object(GuzzleHttp\Psr7\Request))
#16 /Users/kanishk/Desktop/nouveau old/vendor/php-http/client-common/src/PluginChain.php(44): Http\Client\Common\Plugin\RedirectPlugin->handleRequest(Object(GuzzleHttp\Psr7\Request), Object(Closure), Object(Http\Client\Common\PluginChain))
#17 /Users/kanishk/Desktop/nouveau old/vendor/php-http/client-common/src/Plugin/HeaderDefaultsPlugin.php(44): Http\Client\Common\PluginChain->Http\Client\Common\{closure}(Object(GuzzleHttp\Psr7\Request))
#18 /Users/kanishk/Desktop/nouveau old/vendor/php-http/client-common/src/PluginChain.php(44): Http\Client\Common\Plugin\HeaderDefaultsPlugin->handleRequest(Object(GuzzleHttp\Psr7\Request), Object(Closure), Object(Http\Client\Common\PluginChain))
#19 /Users/kanishk/Desktop/nouveau old/vendor/php-http/client-common/src/PluginChain.php(59): Http\Client\Common\PluginChain->Http\Client\Common\{closure}(Object(GuzzleHttp\Psr7\Request))
#20 /Users/kanishk/Desktop/nouveau old/vendor/php-http/client-common/src/PluginClient.php(87): Http\Client\Common\PluginChain->__invoke(Object(GuzzleHttp\Psr7\Request))
#21 /Users/kanishk/Desktop/nouveau old/vendor/influxdata/influxdb-client-php/src/InfluxDB2/DefaultApi.php(151): Http\Client\Common\PluginClient->sendRequest(Object(GuzzleHttp\Psr7\Request))
#22 /Users/kanishk/Desktop/nouveau old/vendor/influxdata/influxdb-client-php/src/InfluxDB2/DefaultApi.php(214): InfluxDB2\DefaultApi->sendRequest(Object(GuzzleHttp\Psr7\Request))
#23 /Users/kanishk/Desktop/nouveau old/vendor/influxdata/influxdb-client-php/src/InfluxDB2/DefaultApi.php(79): InfluxDB2\DefaultApi->request('{\n    "query": ...', '/api/v2/query', Array, 'POST')
#24 /Users/kanishk/Desktop/nouveau old/vendor/influxdata/influxdb-client-php/src/InfluxDB2/QueryApi.php(115): InfluxDB2\DefaultApi->post('{\n    "query": ...', '/api/v2/query', Array)
#25 /Users/kanishk/Desktop/nouveau old/vendor/influxdata/influxdb-client-php/src/InfluxDB2/QueryApi.php(67): InfluxDB2\QueryApi->postQuery('from(bucket: "S...', 'AREC 22-23', Object(InfluxDB2\Model\Dialect))
#26 /Users/kanishk/Desktop/nouveau old/InfluxFetch.php(47): InfluxDB2\QueryApi->query('from(bucket: "S...', 'AREC 22-23')
#27 {main}

Next InfluxDB2\ApiException: [0] cURL error 28: Operation timed out after 10003 milliseconds with 22429 bytes received (see https://curl.haxx.se/libcurl/c/libcurl-errors.html) for http://192.168.10.105:8086/api/v2/query?org=AREC%2022-23 in /Users/kanishk/Desktop/nouveau old/vendor/influxdata/influxdb-client-php/src/InfluxDB2/DefaultApi.php:179
Stack trace:
#0 /Users/kanishk/Desktop/nouveau old/vendor/influxdata/influxdb-client-php/src/InfluxDB2/DefaultApi.php(214): InfluxDB2\DefaultApi->sendRequest(Object(GuzzleHttp\Psr7\Request))
#1 /Users/kanishk/Desktop/nouveau old/vendor/influxdata/influxdb-client-php/src/InfluxDB2/DefaultApi.php(79): InfluxDB2\DefaultApi->request('{\n    "query": ...', '/api/v2/query', Array, 'POST')
#2 /Users/kanishk/Desktop/nouveau old/vendor/influxdata/influxdb-client-php/src/InfluxDB2/QueryApi.php(115): InfluxDB2\DefaultApi->post('{\n    "query": ...', '/api/v2/query', Array)
#3 /Users/kanishk/Desktop/nouveau old/vendor/influxdata/influxdb-client-php/src/InfluxDB2/QueryApi.php(67): InfluxDB2\QueryApi->postQuery('from(bucket: "S...', 'AREC 22-23', Object(InfluxDB2\Model\Dialect))
#4 /Users/kanishk/Desktop/nouveau old/InfluxFetch.php(47): InfluxDB2\QueryApi->query('from(bucket: "S...', 'AREC 22-23')
#5 {main}
  thrown in /Users/kanishk/Desktop/nouveau old/vendor/influxdata/influxdb-client-php/src/InfluxDB2/DefaultApi.php on line 179
[06-Jun-2023 18:48:59 UTC] PHP Fatal error:  Uncaught GuzzleHttp\Exception\ConnectException: cURL error 28: Operation timed out after 10001 milliseconds with 0 bytes received (see https://curl.haxx.se/libcurl/c/libcurl-errors.html) for http://192.168.10.105:8086/api/v2/query?org=AREC%2022-23 in /Users/kanishk/Desktop/nouveau old/vendor/guzzlehttp/guzzle/src/Handler/CurlFactory.php:210
Stack trace:
#0 /Users/kanishk/Desktop/nouveau old/vendor/guzzlehttp/guzzle/src/Handler/CurlFactory.php(158): GuzzleHttp\Handler\CurlFactory::createRejection(Object(GuzzleHttp\Handler\EasyHandle), Array)
#1 /Users/kanishk/Desktop/nouveau old/vendor/guzzlehttp/guzzle/src/Handler/CurlFactory.php(110): GuzzleHttp\Handler\CurlFactory::finishError(Object(GuzzleHttp\Handler\CurlHandler), Object(GuzzleHttp\Handler\EasyHandle), Object(GuzzleHttp\Handler\CurlFactory))
#2 /Users/kanishk/Desktop/nouveau old/vendor/guzzlehttp/guzzle/src/Handler/CurlHandler.php(47): GuzzleHttp\Handler\CurlFactory::finish(Object(GuzzleHttp\Handler\CurlHandler), Object(GuzzleHttp\Handler\EasyHandle), Object(GuzzleHttp\Handler\CurlFactory))
#3 /Users/kanishk/Desktop/nouveau old/vendor/guzzlehttp/guzzle/src/Handler/Proxy.php(28): GuzzleHttp\Handler\CurlHandler->__invoke(Object(GuzzleHttp\Psr7\Request), Array)
#4 /Users/kanishk/Desktop/nouveau old/vendor/guzzlehttp/guzzle/src/Handler/Proxy.php(48): GuzzleHttp\Handler\Proxy::GuzzleHttp\Handler\{closure}(Object(GuzzleHttp\Psr7\Request), Array)
#5 /Users/kanishk/Desktop/nouveau old/vendor/guzzlehttp/guzzle/src/PrepareBodyMiddleware.php(64): GuzzleHttp\Handler\Proxy::GuzzleHttp\Handler\{closure}(Object(GuzzleHttp\Psr7\Request), Array)
#6 /Users/kanishk/Desktop/nouveau old/vendor/guzzlehttp/guzzle/src/Middleware.php(31): GuzzleHttp\PrepareBodyMiddleware->__invoke(Object(GuzzleHttp\Psr7\Request), Array)
#7 /Users/kanishk/Desktop/nouveau old/vendor/guzzlehttp/guzzle/src/RedirectMiddleware.php(55): GuzzleHttp\Middleware::GuzzleHttp\{closure}(Object(GuzzleHttp\Psr7\Request), Array)
#8 /Users/kanishk/Desktop/nouveau old/vendor/guzzlehttp/guzzle/src/Middleware.php(61): GuzzleHttp\RedirectMiddleware->__invoke(Object(GuzzleHttp\Psr7\Request), Array)
#9 /Users/kanishk/Desktop/nouveau old/vendor/guzzlehttp/guzzle/src/HandlerStack.php(75): GuzzleHttp\Middleware::GuzzleHttp\{closure}(Object(GuzzleHttp\Psr7\Request), Array)
#10 /Users/kanishk/Desktop/nouveau old/vendor/guzzlehttp/guzzle/src/Client.php(331): GuzzleHttp\HandlerStack->__invoke(Object(GuzzleHttp\Psr7\Request), Array)
#11 /Users/kanishk/Desktop/nouveau old/vendor/guzzlehttp/guzzle/src/Client.php(106): GuzzleHttp\Client->transfer(Object(GuzzleHttp\Psr7\Request), Array)
#12 /Users/kanishk/Desktop/nouveau old/vendor/guzzlehttp/guzzle/src/Client.php(137): GuzzleHttp\Client->sendAsync(Object(GuzzleHttp\Psr7\Request), Array)
#13 /Users/kanishk/Desktop/nouveau old/vendor/php-http/client-common/src/HttpClientDecorator.php(30): GuzzleHttp\Client->sendRequest(Object(GuzzleHttp\Psr7\Request))
#14 /Users/kanishk/Desktop/nouveau old/vendor/php-http/client-common/src/PluginClient.php(81): Http\Client\Common\EmulatedHttpAsyncClient->sendRequest(Object(GuzzleHttp\Psr7\Request))
#15 /Users/kanishk/Desktop/nouveau old/vendor/php-http/client-common/src/Plugin/RedirectPlugin.php(175): Http\Client\Common\PluginClient->Http\Client\Common\{closure}(Object(GuzzleHttp\Psr7\Request))
#16 /Users/kanishk/Desktop/nouveau old/vendor/php-http/client-common/src/PluginChain.php(44): Http\Client\Common\Plugin\RedirectPlugin->handleRequest(Object(GuzzleHttp\Psr7\Request), Object(Closure), Object(Http\Client\Common\PluginChain))
#17 /Users/kanishk/Desktop/nouveau old/vendor/php-http/client-common/src/Plugin/HeaderDefaultsPlugin.php(44): Http\Client\Common\PluginChain->Http\Client\Common\{closure}(Object(GuzzleHttp\Psr7\Request))
#18 /Users/kanishk/Desktop/nouveau old/vendor/php-http/client-common/src/PluginChain.php(44): Http\Client\Common\Plugin\HeaderDefaultsPlugin->handleRequest(Object(GuzzleHttp\Psr7\Request), Object(Closure), Object(Http\Client\Common\PluginChain))
#19 /Users/kanishk/Desktop/nouveau old/vendor/php-http/client-common/src/PluginChain.php(59): Http\Client\Common\PluginChain->Http\Client\Common\{closure}(Object(GuzzleHttp\Psr7\Request))
#20 /Users/kanishk/Desktop/nouveau old/vendor/php-http/client-common/src/PluginClient.php(87): Http\Client\Common\PluginChain->__invoke(Object(GuzzleHttp\Psr7\Request))
#21 /Users/kanishk/Desktop/nouveau old/vendor/influxdata/influxdb-client-php/src/InfluxDB2/DefaultApi.php(151): Http\Client\Common\PluginClient->sendRequest(Object(GuzzleHttp\Psr7\Request))
#22 /Users/kanishk/Desktop/nouveau old/vendor/influxdata/influxdb-client-php/src/InfluxDB2/DefaultApi.php(214): InfluxDB2\DefaultApi->sendRequest(Object(GuzzleHttp\Psr7\Request))
#23 /Users/kanishk/Desktop/nouveau old/vendor/influxdata/influxdb-client-php/src/InfluxDB2/DefaultApi.php(79): InfluxDB2\DefaultApi->request('{\n    "query": ...', '/api/v2/query', Array, 'POST')
#24 /Users/kanishk/Desktop/nouveau old/vendor/influxdata/influxdb-client-php/src/InfluxDB2/QueryApi.php(115): InfluxDB2\DefaultApi->post('{\n    "query": ...', '/api/v2/query', Array)
#25 /Users/kanishk/Desktop/nouveau old/vendor/influxdata/influxdb-client-php/src/InfluxDB2/QueryApi.php(67): InfluxDB2\QueryApi->postQuery('from(bucket: "S...', 'AREC 22-23', Object(InfluxDB2\Model\Dialect))
#26 /Users/kanishk/Desktop/nouveau old/InfluxFetch.php(47): InfluxDB2\QueryApi->query('from(bucket: "S...', 'AREC 22-23')
#27 {main}

Next InfluxDB2\ApiException: [0] cURL error 28: Operation timed out after 10001 milliseconds with 0 bytes received (see https://curl.haxx.se/libcurl/c/libcurl-errors.html) for http://192.168.10.105:8086/api/v2/query?org=AREC%2022-23 in /Users/kanishk/Desktop/nouveau old/vendor/influxdata/influxdb-client-php/src/InfluxDB2/DefaultApi.php:179
Stack trace:
#0 /Users/kanishk/Desktop/nouveau old/vendor/influxdata/influxdb-client-php/src/InfluxDB2/DefaultApi.php(214): InfluxDB2\DefaultApi->sendRequest(Object(GuzzleHttp\Psr7\Request))
#1 /Users/kanishk/Desktop/nouveau old/vendor/influxdata/influxdb-client-php/src/InfluxDB2/DefaultApi.php(79): InfluxDB2\DefaultApi->request('{\n    "query": ...', '/api/v2/query', Array, 'POST')
#2 /Users/kanishk/Desktop/nouveau old/vendor/influxdata/influxdb-client-php/src/InfluxDB2/QueryApi.php(115): InfluxDB2\DefaultApi->post('{\n    "query": ...', '/api/v2/query', Array)
#3 /Users/kanishk/Desktop/nouveau old/vendor/influxdata/influxdb-client-php/src/InfluxDB2/QueryApi.php(67): InfluxDB2\QueryApi->postQuery('from(bucket: "S...', 'AREC 22-23', Object(InfluxDB2\Model\Dialect))
#4 /Users/kanishk/Desktop/nouveau old/InfluxFetch.php(47): InfluxDB2\QueryApi->query('from(bucket: "S...', 'AREC 22-23')
#5 {main}
  thrown in /Users/kanishk/Desktop/nouveau old/vendor/influxdata/influxdb-client-php/src/InfluxDB2/DefaultApi.php on line 179
[07-Jun-2023 10:50:13 UTC] PHP Fatal error:  Uncaught Error: Object of class mysqli_result could not be converted to string in /Users/kanishk/Desktop/nouveau/FeedbackFetch.php:20
Stack trace:
#0 {main}
  thrown in /Users/kanishk/Desktop/nouveau/FeedbackFetch.php on line 20
[07-Jun-2023 10:50:43 UTC] PHP Fatal error:  Uncaught Error: Object of class mysqli_result could not be converted to string in /Users/kanishk/Desktop/nouveau/FeedbackFetch.php:20
Stack trace:
#0 {main}
  thrown in /Users/kanishk/Desktop/nouveau/FeedbackFetch.php on line 20
